<?xml version="1.0" encoding="UTF-8"?>
<beans xmlns="http://www.springframework.org/schema/beans"
    xmlns:xsi="http://www.w3.org/2001/XMLSchema-instance"
    xmlns:context="http://www.springframework.org/schema/context"
    xmlns:jms="http://www.springframework.org/schema/jms"
    xmlns:util="http://www.springframework.org/schema/util"
    xsi:schemaLocation="http://www.springframework.org/schema/beans http://www.springframework.org/schema/beans/spring-beans-3.0.xsd
        http://www.springframework.org/schema/context http://www.springframework.org/schema/context/spring-context-3.0.xsd
        http://www.springframework.org/schema/jms http://www.springframework.org/schema/jms/spring-jms-3.0.xsd
        http://www.springframework.org/schema/util http://www.springframework.org/schema/util/spring-util-3.0.xsd">   
   
    <bean id="helloWorldConsumer" class="uk.co.jemos.experiments.HelloWorldHandler" />
   
    <bean id="jmsTemplate" class="org.springframework.jms.core.JmsTemplate">
      <property name="connectionFactory" ref="jmsConnectionFactory" />
    </bean>

    <jms:listener-container connection-factory="jmsConnectionFactory" >
        <jms:listener destination="jemos.tests" ref="helloWorldConsumer" method="handleHelloWorld" />
    </jms:listener-container>

</beans>